C:\Program Files\Microsoft Visual Studio\2022\Community\MSBuild\Microsoft\VC\v170\Microsoft.CppBuild.targets(1129,5): warning MSB8027: Two or more files with the name of main.cpp will produce outputs to the same location. This can lead to an incorrect build result.  The files involved are main.cpp, main.cpp.
  main.cpp
C:\Users\omega\Documents\Visual Studio 2022\Projects\Vulkan Tutorial\Vulkan Tutorial\main.cpp(1216,42): warning C4244: 'argument': conversion from 'double' to 'int', possible loss of data
C:\Users\omega\Documents\Visual Studio 2022\Projects\Vulkan Tutorial\Vulkan Tutorial\main.cpp(1216,40): warning C4244: 'argument': conversion from 'double' to 'int', possible loss of data
C:\Users\omega\Documents\Visual Studio 2022\Projects\Vulkan Tutorial\Vulkan Tutorial\main.cpp(1220,45): warning C4244: 'argument': conversion from 'double' to 'int', possible loss of data
C:\Users\omega\Documents\Visual Studio 2022\Projects\Vulkan Tutorial\Vulkan Tutorial\main.cpp(1220,42): warning C4244: 'argument': conversion from 'double' to 'int', possible loss of data
C:\Users\omega\Documents\Visual Studio 2022\Projects\Vulkan Tutorial\Vulkan Tutorial\main.cpp(1224,43): warning C4244: 'argument': conversion from 'double' to 'int', possible loss of data
C:\Users\omega\Documents\Visual Studio 2022\Projects\Vulkan Tutorial\Vulkan Tutorial\main.cpp(1224,40): warning C4244: 'argument': conversion from 'double' to 'int', possible loss of data
C:\Users\omega\Documents\Visual Studio 2022\Projects\Vulkan Tutorial\Vulkan Tutorial\main.cpp(1243,44): warning C4244: 'argument': conversion from 'double' to 'int', possible loss of data
C:\Users\omega\Documents\Visual Studio 2022\Projects\Vulkan Tutorial\Vulkan Tutorial\main.cpp(1244,44): warning C4244: 'argument': conversion from 'double' to 'int', possible loss of data
C:\Users\omega\Documents\Visual Studio 2022\Projects\Vulkan Tutorial\Vulkan Tutorial\main.cpp(1352,54): warning C4267: 'argument': conversion from 'size_t' to '_Ty', possible loss of data
C:\Users\omega\Documents\Visual Studio 2022\Projects\Vulkan Tutorial\Vulkan Tutorial\main.cpp(1352,54): warning C4267:         with
C:\Users\omega\Documents\Visual Studio 2022\Projects\Vulkan Tutorial\Vulkan Tutorial\main.cpp(1352,54): warning C4267:         [
C:\Users\omega\Documents\Visual Studio 2022\Projects\Vulkan Tutorial\Vulkan Tutorial\main.cpp(1352,54): warning C4267:             _Ty=uint32_t
C:\Users\omega\Documents\Visual Studio 2022\Projects\Vulkan Tutorial\Vulkan Tutorial\main.cpp(1352,54): warning C4267:         ]
C:\Users\omega\Documents\Visual Studio 2022\Projects\Vulkan Tutorial\Vulkan Tutorial\main.cpp(1353,54): warning C4267: 'argument': conversion from 'size_t' to '_Ty', possible loss of data
C:\Users\omega\Documents\Visual Studio 2022\Projects\Vulkan Tutorial\Vulkan Tutorial\main.cpp(1353,54): warning C4267:         with
C:\Users\omega\Documents\Visual Studio 2022\Projects\Vulkan Tutorial\Vulkan Tutorial\main.cpp(1353,54): warning C4267:         [
C:\Users\omega\Documents\Visual Studio 2022\Projects\Vulkan Tutorial\Vulkan Tutorial\main.cpp(1353,54): warning C4267:             _Ty=uint32_t
C:\Users\omega\Documents\Visual Studio 2022\Projects\Vulkan Tutorial\Vulkan Tutorial\main.cpp(1353,54): warning C4267:         ]
C:\Users\omega\Documents\Visual Studio 2022\Projects\Vulkan Tutorial\Vulkan Tutorial\main.cpp(1354,54): warning C4267: 'argument': conversion from 'size_t' to '_Ty', possible loss of data
C:\Users\omega\Documents\Visual Studio 2022\Projects\Vulkan Tutorial\Vulkan Tutorial\main.cpp(1354,54): warning C4267:         with
C:\Users\omega\Documents\Visual Studio 2022\Projects\Vulkan Tutorial\Vulkan Tutorial\main.cpp(1354,54): warning C4267:         [
C:\Users\omega\Documents\Visual Studio 2022\Projects\Vulkan Tutorial\Vulkan Tutorial\main.cpp(1354,54): warning C4267:             _Ty=uint32_t
C:\Users\omega\Documents\Visual Studio 2022\Projects\Vulkan Tutorial\Vulkan Tutorial\main.cpp(1354,54): warning C4267:         ]
C:\Users\omega\Documents\Visual Studio 2022\Projects\Vulkan Tutorial\Vulkan Tutorial\main.cpp(1355,54): warning C4267: 'argument': conversion from 'size_t' to '_Ty', possible loss of data
C:\Users\omega\Documents\Visual Studio 2022\Projects\Vulkan Tutorial\Vulkan Tutorial\main.cpp(1355,54): warning C4267:         with
C:\Users\omega\Documents\Visual Studio 2022\Projects\Vulkan Tutorial\Vulkan Tutorial\main.cpp(1355,54): warning C4267:         [
C:\Users\omega\Documents\Visual Studio 2022\Projects\Vulkan Tutorial\Vulkan Tutorial\main.cpp(1355,54): warning C4267:             _Ty=uint32_t
C:\Users\omega\Documents\Visual Studio 2022\Projects\Vulkan Tutorial\Vulkan Tutorial\main.cpp(1355,54): warning C4267:         ]
C:\Users\omega\Documents\Visual Studio 2022\Projects\Vulkan Tutorial\Vulkan Tutorial\main.cpp(1356,54): warning C4267: 'argument': conversion from 'size_t' to '_Ty', possible loss of data
C:\Users\omega\Documents\Visual Studio 2022\Projects\Vulkan Tutorial\Vulkan Tutorial\main.cpp(1356,54): warning C4267:         with
C:\Users\omega\Documents\Visual Studio 2022\Projects\Vulkan Tutorial\Vulkan Tutorial\main.cpp(1356,54): warning C4267:         [
C:\Users\omega\Documents\Visual Studio 2022\Projects\Vulkan Tutorial\Vulkan Tutorial\main.cpp(1356,54): warning C4267:             _Ty=uint32_t
C:\Users\omega\Documents\Visual Studio 2022\Projects\Vulkan Tutorial\Vulkan Tutorial\main.cpp(1356,54): warning C4267:         ]
C:\Users\omega\Documents\Visual Studio 2022\Projects\Vulkan Tutorial\Vulkan Tutorial\main.cpp(1357,54): warning C4267: 'argument': conversion from 'size_t' to '_Ty', possible loss of data
C:\Users\omega\Documents\Visual Studio 2022\Projects\Vulkan Tutorial\Vulkan Tutorial\main.cpp(1357,54): warning C4267:         with
C:\Users\omega\Documents\Visual Studio 2022\Projects\Vulkan Tutorial\Vulkan Tutorial\main.cpp(1357,54): warning C4267:         [
C:\Users\omega\Documents\Visual Studio 2022\Projects\Vulkan Tutorial\Vulkan Tutorial\main.cpp(1357,54): warning C4267:             _Ty=uint32_t
C:\Users\omega\Documents\Visual Studio 2022\Projects\Vulkan Tutorial\Vulkan Tutorial\main.cpp(1357,54): warning C4267:         ]
C:\Users\omega\Documents\Visual Studio 2022\Projects\Vulkan Tutorial\Vulkan Tutorial\main.cpp(1385,47): warning C4267: 'argument': conversion from 'size_t' to '_Ty', possible loss of data
C:\Users\omega\Documents\Visual Studio 2022\Projects\Vulkan Tutorial\Vulkan Tutorial\main.cpp(1385,47): warning C4267:         with
C:\Users\omega\Documents\Visual Studio 2022\Projects\Vulkan Tutorial\Vulkan Tutorial\main.cpp(1385,47): warning C4267:         [
C:\Users\omega\Documents\Visual Studio 2022\Projects\Vulkan Tutorial\Vulkan Tutorial\main.cpp(1385,47): warning C4267:             _Ty=uint32_t
C:\Users\omega\Documents\Visual Studio 2022\Projects\Vulkan Tutorial\Vulkan Tutorial\main.cpp(1385,47): warning C4267:         ]
C:\Users\omega\Documents\Visual Studio 2022\Projects\Vulkan Tutorial\Vulkan Tutorial\main.cpp(1386,47): warning C4267: 'argument': conversion from 'size_t' to '_Ty', possible loss of data
C:\Users\omega\Documents\Visual Studio 2022\Projects\Vulkan Tutorial\Vulkan Tutorial\main.cpp(1386,47): warning C4267:         with
C:\Users\omega\Documents\Visual Studio 2022\Projects\Vulkan Tutorial\Vulkan Tutorial\main.cpp(1386,47): warning C4267:         [
C:\Users\omega\Documents\Visual Studio 2022\Projects\Vulkan Tutorial\Vulkan Tutorial\main.cpp(1386,47): warning C4267:             _Ty=uint32_t
C:\Users\omega\Documents\Visual Studio 2022\Projects\Vulkan Tutorial\Vulkan Tutorial\main.cpp(1386,47): warning C4267:         ]
C:\Users\omega\Documents\Visual Studio 2022\Projects\Vulkan Tutorial\Vulkan Tutorial\main.cpp(1387,47): warning C4267: 'argument': conversion from 'size_t' to '_Ty', possible loss of data
C:\Users\omega\Documents\Visual Studio 2022\Projects\Vulkan Tutorial\Vulkan Tutorial\main.cpp(1387,47): warning C4267:         with
C:\Users\omega\Documents\Visual Studio 2022\Projects\Vulkan Tutorial\Vulkan Tutorial\main.cpp(1387,47): warning C4267:         [
C:\Users\omega\Documents\Visual Studio 2022\Projects\Vulkan Tutorial\Vulkan Tutorial\main.cpp(1387,47): warning C4267:             _Ty=uint32_t
C:\Users\omega\Documents\Visual Studio 2022\Projects\Vulkan Tutorial\Vulkan Tutorial\main.cpp(1387,47): warning C4267:         ]
C:\Users\omega\Documents\Visual Studio 2022\Projects\Vulkan Tutorial\Vulkan Tutorial\main.cpp(1388,47): warning C4267: 'argument': conversion from 'size_t' to '_Ty', possible loss of data
C:\Users\omega\Documents\Visual Studio 2022\Projects\Vulkan Tutorial\Vulkan Tutorial\main.cpp(1388,47): warning C4267:         with
C:\Users\omega\Documents\Visual Studio 2022\Projects\Vulkan Tutorial\Vulkan Tutorial\main.cpp(1388,47): warning C4267:         [
C:\Users\omega\Documents\Visual Studio 2022\Projects\Vulkan Tutorial\Vulkan Tutorial\main.cpp(1388,47): warning C4267:             _Ty=uint32_t
C:\Users\omega\Documents\Visual Studio 2022\Projects\Vulkan Tutorial\Vulkan Tutorial\main.cpp(1388,47): warning C4267:         ]
C:\Users\omega\Documents\Visual Studio 2022\Projects\Vulkan Tutorial\Vulkan Tutorial\main.cpp(1389,47): warning C4267: 'argument': conversion from 'size_t' to '_Ty', possible loss of data
C:\Users\omega\Documents\Visual Studio 2022\Projects\Vulkan Tutorial\Vulkan Tutorial\main.cpp(1389,47): warning C4267:         with
C:\Users\omega\Documents\Visual Studio 2022\Projects\Vulkan Tutorial\Vulkan Tutorial\main.cpp(1389,47): warning C4267:         [
C:\Users\omega\Documents\Visual Studio 2022\Projects\Vulkan Tutorial\Vulkan Tutorial\main.cpp(1389,47): warning C4267:             _Ty=uint32_t
C:\Users\omega\Documents\Visual Studio 2022\Projects\Vulkan Tutorial\Vulkan Tutorial\main.cpp(1389,47): warning C4267:         ]
C:\Users\omega\Documents\Visual Studio 2022\Projects\Vulkan Tutorial\Vulkan Tutorial\main.cpp(1390,47): warning C4267: 'argument': conversion from 'size_t' to '_Ty', possible loss of data
C:\Users\omega\Documents\Visual Studio 2022\Projects\Vulkan Tutorial\Vulkan Tutorial\main.cpp(1390,47): warning C4267:         with
C:\Users\omega\Documents\Visual Studio 2022\Projects\Vulkan Tutorial\Vulkan Tutorial\main.cpp(1390,47): warning C4267:         [
C:\Users\omega\Documents\Visual Studio 2022\Projects\Vulkan Tutorial\Vulkan Tutorial\main.cpp(1390,47): warning C4267:             _Ty=uint32_t
C:\Users\omega\Documents\Visual Studio 2022\Projects\Vulkan Tutorial\Vulkan Tutorial\main.cpp(1390,47): warning C4267:         ]
C:\Users\omega\Documents\Visual Studio 2022\Projects\Vulkan Tutorial\Vulkan Tutorial\main.cpp(1395,94): warning C4244: 'argument': conversion from 'double' to 'int', possible loss of data
C:\Users\omega\Documents\Visual Studio 2022\Projects\Vulkan Tutorial\Vulkan Tutorial\main.cpp(1398,90): warning C4244: 'argument': conversion from 'double' to 'int', possible loss of data
C:\Users\omega\Documents\Visual Studio 2022\Projects\Vulkan Tutorial\Vulkan Tutorial\main.cpp(1399,91): warning C4244: 'argument': conversion from 'double' to 'int', possible loss of data
C:\Users\omega\Documents\Visual Studio 2022\Projects\Vulkan Tutorial\Vulkan Tutorial\main.cpp(1401,47): warning C4267: 'argument': conversion from 'size_t' to '_Ty', possible loss of data
C:\Users\omega\Documents\Visual Studio 2022\Projects\Vulkan Tutorial\Vulkan Tutorial\main.cpp(1401,47): warning C4267:         with
C:\Users\omega\Documents\Visual Studio 2022\Projects\Vulkan Tutorial\Vulkan Tutorial\main.cpp(1401,47): warning C4267:         [
C:\Users\omega\Documents\Visual Studio 2022\Projects\Vulkan Tutorial\Vulkan Tutorial\main.cpp(1401,47): warning C4267:             _Ty=uint32_t
C:\Users\omega\Documents\Visual Studio 2022\Projects\Vulkan Tutorial\Vulkan Tutorial\main.cpp(1401,47): warning C4267:         ]
C:\Users\omega\Documents\Visual Studio 2022\Projects\Vulkan Tutorial\Vulkan Tutorial\main.cpp(1402,47): warning C4267: 'argument': conversion from 'size_t' to '_Ty', possible loss of data
C:\Users\omega\Documents\Visual Studio 2022\Projects\Vulkan Tutorial\Vulkan Tutorial\main.cpp(1402,47): warning C4267:         with
C:\Users\omega\Documents\Visual Studio 2022\Projects\Vulkan Tutorial\Vulkan Tutorial\main.cpp(1402,47): warning C4267:         [
C:\Users\omega\Documents\Visual Studio 2022\Projects\Vulkan Tutorial\Vulkan Tutorial\main.cpp(1402,47): warning C4267:             _Ty=uint32_t
C:\Users\omega\Documents\Visual Studio 2022\Projects\Vulkan Tutorial\Vulkan Tutorial\main.cpp(1402,47): warning C4267:         ]
C:\Users\omega\Documents\Visual Studio 2022\Projects\Vulkan Tutorial\Vulkan Tutorial\main.cpp(1403,47): warning C4267: 'argument': conversion from 'size_t' to '_Ty', possible loss of data
C:\Users\omega\Documents\Visual Studio 2022\Projects\Vulkan Tutorial\Vulkan Tutorial\main.cpp(1403,47): warning C4267:         with
C:\Users\omega\Documents\Visual Studio 2022\Projects\Vulkan Tutorial\Vulkan Tutorial\main.cpp(1403,47): warning C4267:         [
C:\Users\omega\Documents\Visual Studio 2022\Projects\Vulkan Tutorial\Vulkan Tutorial\main.cpp(1403,47): warning C4267:             _Ty=uint32_t
C:\Users\omega\Documents\Visual Studio 2022\Projects\Vulkan Tutorial\Vulkan Tutorial\main.cpp(1403,47): warning C4267:         ]
C:\Users\omega\Documents\Visual Studio 2022\Projects\Vulkan Tutorial\Vulkan Tutorial\main.cpp(1418,43): warning C4244: 'argument': conversion from 'double' to 'int', possible loss of data
C:\Users\omega\Documents\Visual Studio 2022\Projects\Vulkan Tutorial\Vulkan Tutorial\main.cpp(1418,95): warning C4244: 'argument': conversion from 'double' to 'int', possible loss of data
C:\Users\omega\Documents\Visual Studio 2022\Projects\Vulkan Tutorial\Vulkan Tutorial\main.cpp(1420,43): warning C4244: 'argument': conversion from 'double' to 'int', possible loss of data
C:\Users\omega\Documents\Visual Studio 2022\Projects\Vulkan Tutorial\Vulkan Tutorial\main.cpp(1420,95): warning C4244: 'argument': conversion from 'double' to 'int', possible loss of data
C:\Users\omega\Documents\Visual Studio 2022\Projects\Vulkan Tutorial\Vulkan Tutorial\main.cpp(1422,43): warning C4244: 'argument': conversion from 'double' to 'int', possible loss of data
C:\Users\omega\Documents\Visual Studio 2022\Projects\Vulkan Tutorial\Vulkan Tutorial\main.cpp(1422,95): warning C4244: 'argument': conversion from 'double' to 'int', possible loss of data
C:\Users\omega\Documents\Visual Studio 2022\Projects\Vulkan Tutorial\Vulkan Tutorial\main.cpp(1424,42): warning C4244: 'argument': conversion from 'double' to 'int', possible loss of data
C:\Users\omega\Documents\Visual Studio 2022\Projects\Vulkan Tutorial\Vulkan Tutorial\main.cpp(1424,88): warning C4244: 'argument': conversion from 'double' to 'int', possible loss of data
C:\Users\omega\Documents\Visual Studio 2022\Projects\Vulkan Tutorial\Vulkan Tutorial\main.cpp(1426,42): warning C4267: 'argument': conversion from 'size_t' to '_Ty', possible loss of data
C:\Users\omega\Documents\Visual Studio 2022\Projects\Vulkan Tutorial\Vulkan Tutorial\main.cpp(1426,42): warning C4267:         with
C:\Users\omega\Documents\Visual Studio 2022\Projects\Vulkan Tutorial\Vulkan Tutorial\main.cpp(1426,42): warning C4267:         [
C:\Users\omega\Documents\Visual Studio 2022\Projects\Vulkan Tutorial\Vulkan Tutorial\main.cpp(1426,42): warning C4267:             _Ty=uint32_t
C:\Users\omega\Documents\Visual Studio 2022\Projects\Vulkan Tutorial\Vulkan Tutorial\main.cpp(1426,42): warning C4267:         ]
C:\Users\omega\Documents\Visual Studio 2022\Projects\Vulkan Tutorial\Vulkan Tutorial\main.cpp(1427,42): warning C4267: 'argument': conversion from 'size_t' to '_Ty', possible loss of data
C:\Users\omega\Documents\Visual Studio 2022\Projects\Vulkan Tutorial\Vulkan Tutorial\main.cpp(1427,42): warning C4267:         with
C:\Users\omega\Documents\Visual Studio 2022\Projects\Vulkan Tutorial\Vulkan Tutorial\main.cpp(1427,42): warning C4267:         [
C:\Users\omega\Documents\Visual Studio 2022\Projects\Vulkan Tutorial\Vulkan Tutorial\main.cpp(1427,42): warning C4267:             _Ty=uint32_t
C:\Users\omega\Documents\Visual Studio 2022\Projects\Vulkan Tutorial\Vulkan Tutorial\main.cpp(1427,42): warning C4267:         ]
C:\Users\omega\Documents\Visual Studio 2022\Projects\Vulkan Tutorial\Vulkan Tutorial\main.cpp(1428,42): warning C4267: 'argument': conversion from 'size_t' to '_Ty', possible loss of data
C:\Users\omega\Documents\Visual Studio 2022\Projects\Vulkan Tutorial\Vulkan Tutorial\main.cpp(1428,42): warning C4267:         with
C:\Users\omega\Documents\Visual Studio 2022\Projects\Vulkan Tutorial\Vulkan Tutorial\main.cpp(1428,42): warning C4267:         [
C:\Users\omega\Documents\Visual Studio 2022\Projects\Vulkan Tutorial\Vulkan Tutorial\main.cpp(1428,42): warning C4267:             _Ty=uint32_t
C:\Users\omega\Documents\Visual Studio 2022\Projects\Vulkan Tutorial\Vulkan Tutorial\main.cpp(1428,42): warning C4267:         ]
C:\Users\omega\Documents\Visual Studio 2022\Projects\Vulkan Tutorial\Vulkan Tutorial\main.cpp(1429,42): warning C4267: 'argument': conversion from 'size_t' to '_Ty', possible loss of data
C:\Users\omega\Documents\Visual Studio 2022\Projects\Vulkan Tutorial\Vulkan Tutorial\main.cpp(1429,42): warning C4267:         with
C:\Users\omega\Documents\Visual Studio 2022\Projects\Vulkan Tutorial\Vulkan Tutorial\main.cpp(1429,42): warning C4267:         [
C:\Users\omega\Documents\Visual Studio 2022\Projects\Vulkan Tutorial\Vulkan Tutorial\main.cpp(1429,42): warning C4267:             _Ty=uint32_t
C:\Users\omega\Documents\Visual Studio 2022\Projects\Vulkan Tutorial\Vulkan Tutorial\main.cpp(1429,42): warning C4267:         ]
C:\Users\omega\Documents\Visual Studio 2022\Projects\Vulkan Tutorial\Vulkan Tutorial\main.cpp(1430,42): warning C4267: 'argument': conversion from 'size_t' to '_Ty', possible loss of data
C:\Users\omega\Documents\Visual Studio 2022\Projects\Vulkan Tutorial\Vulkan Tutorial\main.cpp(1430,42): warning C4267:         with
C:\Users\omega\Documents\Visual Studio 2022\Projects\Vulkan Tutorial\Vulkan Tutorial\main.cpp(1430,42): warning C4267:         [
C:\Users\omega\Documents\Visual Studio 2022\Projects\Vulkan Tutorial\Vulkan Tutorial\main.cpp(1430,42): warning C4267:             _Ty=uint32_t
C:\Users\omega\Documents\Visual Studio 2022\Projects\Vulkan Tutorial\Vulkan Tutorial\main.cpp(1430,42): warning C4267:         ]
C:\Users\omega\Documents\Visual Studio 2022\Projects\Vulkan Tutorial\Vulkan Tutorial\main.cpp(1431,42): warning C4267: 'argument': conversion from 'size_t' to '_Ty', possible loss of data
C:\Users\omega\Documents\Visual Studio 2022\Projects\Vulkan Tutorial\Vulkan Tutorial\main.cpp(1431,42): warning C4267:         with
C:\Users\omega\Documents\Visual Studio 2022\Projects\Vulkan Tutorial\Vulkan Tutorial\main.cpp(1431,42): warning C4267:         [
C:\Users\omega\Documents\Visual Studio 2022\Projects\Vulkan Tutorial\Vulkan Tutorial\main.cpp(1431,42): warning C4267:             _Ty=uint32_t
C:\Users\omega\Documents\Visual Studio 2022\Projects\Vulkan Tutorial\Vulkan Tutorial\main.cpp(1431,42): warning C4267:         ]
C:\Users\omega\Documents\Visual Studio 2022\Projects\Vulkan Tutorial\Vulkan Tutorial\main.cpp(1432,42): warning C4267: 'argument': conversion from 'size_t' to '_Ty', possible loss of data
C:\Users\omega\Documents\Visual Studio 2022\Projects\Vulkan Tutorial\Vulkan Tutorial\main.cpp(1432,42): warning C4267:         with
C:\Users\omega\Documents\Visual Studio 2022\Projects\Vulkan Tutorial\Vulkan Tutorial\main.cpp(1432,42): warning C4267:         [
C:\Users\omega\Documents\Visual Studio 2022\Projects\Vulkan Tutorial\Vulkan Tutorial\main.cpp(1432,42): warning C4267:             _Ty=uint32_t
C:\Users\omega\Documents\Visual Studio 2022\Projects\Vulkan Tutorial\Vulkan Tutorial\main.cpp(1432,42): warning C4267:         ]
C:\Users\omega\Documents\Visual Studio 2022\Projects\Vulkan Tutorial\Vulkan Tutorial\main.cpp(1433,42): warning C4267: 'argument': conversion from 'size_t' to '_Ty', possible loss of data
C:\Users\omega\Documents\Visual Studio 2022\Projects\Vulkan Tutorial\Vulkan Tutorial\main.cpp(1433,42): warning C4267:         with
C:\Users\omega\Documents\Visual Studio 2022\Projects\Vulkan Tutorial\Vulkan Tutorial\main.cpp(1433,42): warning C4267:         [
C:\Users\omega\Documents\Visual Studio 2022\Projects\Vulkan Tutorial\Vulkan Tutorial\main.cpp(1433,42): warning C4267:             _Ty=uint32_t
C:\Users\omega\Documents\Visual Studio 2022\Projects\Vulkan Tutorial\Vulkan Tutorial\main.cpp(1433,42): warning C4267:         ]
C:\Users\omega\Documents\Visual Studio 2022\Projects\Vulkan Tutorial\Vulkan Tutorial\main.cpp(1434,42): warning C4267: 'argument': conversion from 'size_t' to '_Ty', possible loss of data
C:\Users\omega\Documents\Visual Studio 2022\Projects\Vulkan Tutorial\Vulkan Tutorial\main.cpp(1434,42): warning C4267:         with
C:\Users\omega\Documents\Visual Studio 2022\Projects\Vulkan Tutorial\Vulkan Tutorial\main.cpp(1434,42): warning C4267:         [
C:\Users\omega\Documents\Visual Studio 2022\Projects\Vulkan Tutorial\Vulkan Tutorial\main.cpp(1434,42): warning C4267:             _Ty=uint32_t
C:\Users\omega\Documents\Visual Studio 2022\Projects\Vulkan Tutorial\Vulkan Tutorial\main.cpp(1434,42): warning C4267:         ]
C:\Users\omega\Documents\Visual Studio 2022\Projects\Vulkan Tutorial\Vulkan Tutorial\main.cpp(1435,42): warning C4267: 'argument': conversion from 'size_t' to '_Ty', possible loss of data
C:\Users\omega\Documents\Visual Studio 2022\Projects\Vulkan Tutorial\Vulkan Tutorial\main.cpp(1435,42): warning C4267:         with
C:\Users\omega\Documents\Visual Studio 2022\Projects\Vulkan Tutorial\Vulkan Tutorial\main.cpp(1435,42): warning C4267:         [
C:\Users\omega\Documents\Visual Studio 2022\Projects\Vulkan Tutorial\Vulkan Tutorial\main.cpp(1435,42): warning C4267:             _Ty=uint32_t
C:\Users\omega\Documents\Visual Studio 2022\Projects\Vulkan Tutorial\Vulkan Tutorial\main.cpp(1435,42): warning C4267:         ]
C:\Users\omega\Documents\Visual Studio 2022\Projects\Vulkan Tutorial\Vulkan Tutorial\main.cpp(1436,42): warning C4267: 'argument': conversion from 'size_t' to '_Ty', possible loss of data
C:\Users\omega\Documents\Visual Studio 2022\Projects\Vulkan Tutorial\Vulkan Tutorial\main.cpp(1436,42): warning C4267:         with
C:\Users\omega\Documents\Visual Studio 2022\Projects\Vulkan Tutorial\Vulkan Tutorial\main.cpp(1436,42): warning C4267:         [
C:\Users\omega\Documents\Visual Studio 2022\Projects\Vulkan Tutorial\Vulkan Tutorial\main.cpp(1436,42): warning C4267:             _Ty=uint32_t
C:\Users\omega\Documents\Visual Studio 2022\Projects\Vulkan Tutorial\Vulkan Tutorial\main.cpp(1436,42): warning C4267:         ]
C:\Users\omega\Documents\Visual Studio 2022\Projects\Vulkan Tutorial\Vulkan Tutorial\main.cpp(1437,42): warning C4267: 'argument': conversion from 'size_t' to '_Ty', possible loss of data
C:\Users\omega\Documents\Visual Studio 2022\Projects\Vulkan Tutorial\Vulkan Tutorial\main.cpp(1437,42): warning C4267:         with
C:\Users\omega\Documents\Visual Studio 2022\Projects\Vulkan Tutorial\Vulkan Tutorial\main.cpp(1437,42): warning C4267:         [
C:\Users\omega\Documents\Visual Studio 2022\Projects\Vulkan Tutorial\Vulkan Tutorial\main.cpp(1437,42): warning C4267:             _Ty=uint32_t
C:\Users\omega\Documents\Visual Studio 2022\Projects\Vulkan Tutorial\Vulkan Tutorial\main.cpp(1437,42): warning C4267:         ]
C:\Users\omega\Documents\Visual Studio 2022\Projects\Vulkan Tutorial\Vulkan Tutorial\main.cpp(1438,42): warning C4267: 'argument': conversion from 'size_t' to '_Ty', possible loss of data
C:\Users\omega\Documents\Visual Studio 2022\Projects\Vulkan Tutorial\Vulkan Tutorial\main.cpp(1438,42): warning C4267:         with
C:\Users\omega\Documents\Visual Studio 2022\Projects\Vulkan Tutorial\Vulkan Tutorial\main.cpp(1438,42): warning C4267:         [
C:\Users\omega\Documents\Visual Studio 2022\Projects\Vulkan Tutorial\Vulkan Tutorial\main.cpp(1438,42): warning C4267:             _Ty=uint32_t
C:\Users\omega\Documents\Visual Studio 2022\Projects\Vulkan Tutorial\Vulkan Tutorial\main.cpp(1438,42): warning C4267:         ]
C:\Users\omega\Documents\Visual Studio 2022\Projects\Vulkan Tutorial\Vulkan Tutorial\main.cpp(1439,42): warning C4267: 'argument': conversion from 'size_t' to '_Ty', possible loss of data
C:\Users\omega\Documents\Visual Studio 2022\Projects\Vulkan Tutorial\Vulkan Tutorial\main.cpp(1439,42): warning C4267:         with
C:\Users\omega\Documents\Visual Studio 2022\Projects\Vulkan Tutorial\Vulkan Tutorial\main.cpp(1439,42): warning C4267:         [
C:\Users\omega\Documents\Visual Studio 2022\Projects\Vulkan Tutorial\Vulkan Tutorial\main.cpp(1439,42): warning C4267:             _Ty=uint32_t
C:\Users\omega\Documents\Visual Studio 2022\Projects\Vulkan Tutorial\Vulkan Tutorial\main.cpp(1439,42): warning C4267:         ]
C:\Users\omega\Documents\Visual Studio 2022\Projects\Vulkan Tutorial\Vulkan Tutorial\main.cpp(1440,42): warning C4267: 'argument': conversion from 'size_t' to '_Ty', possible loss of data
C:\Users\omega\Documents\Visual Studio 2022\Projects\Vulkan Tutorial\Vulkan Tutorial\main.cpp(1440,42): warning C4267:         with
C:\Users\omega\Documents\Visual Studio 2022\Projects\Vulkan Tutorial\Vulkan Tutorial\main.cpp(1440,42): warning C4267:         [
C:\Users\omega\Documents\Visual Studio 2022\Projects\Vulkan Tutorial\Vulkan Tutorial\main.cpp(1440,42): warning C4267:             _Ty=uint32_t
C:\Users\omega\Documents\Visual Studio 2022\Projects\Vulkan Tutorial\Vulkan Tutorial\main.cpp(1440,42): warning C4267:         ]
C:\Users\omega\Documents\Visual Studio 2022\Projects\Vulkan Tutorial\Vulkan Tutorial\main.cpp(1441,42): warning C4267: 'argument': conversion from 'size_t' to '_Ty', possible loss of data
C:\Users\omega\Documents\Visual Studio 2022\Projects\Vulkan Tutorial\Vulkan Tutorial\main.cpp(1441,42): warning C4267:         with
C:\Users\omega\Documents\Visual Studio 2022\Projects\Vulkan Tutorial\Vulkan Tutorial\main.cpp(1441,42): warning C4267:         [
C:\Users\omega\Documents\Visual Studio 2022\Projects\Vulkan Tutorial\Vulkan Tutorial\main.cpp(1441,42): warning C4267:             _Ty=uint32_t
C:\Users\omega\Documents\Visual Studio 2022\Projects\Vulkan Tutorial\Vulkan Tutorial\main.cpp(1441,42): warning C4267:         ]
C:\Users\omega\Documents\Visual Studio 2022\Projects\Vulkan Tutorial\Vulkan Tutorial\main.cpp(1442,42): warning C4267: 'argument': conversion from 'size_t' to '_Ty', possible loss of data
C:\Users\omega\Documents\Visual Studio 2022\Projects\Vulkan Tutorial\Vulkan Tutorial\main.cpp(1442,42): warning C4267:         with
C:\Users\omega\Documents\Visual Studio 2022\Projects\Vulkan Tutorial\Vulkan Tutorial\main.cpp(1442,42): warning C4267:         [
C:\Users\omega\Documents\Visual Studio 2022\Projects\Vulkan Tutorial\Vulkan Tutorial\main.cpp(1442,42): warning C4267:             _Ty=uint32_t
C:\Users\omega\Documents\Visual Studio 2022\Projects\Vulkan Tutorial\Vulkan Tutorial\main.cpp(1442,42): warning C4267:         ]
C:\Users\omega\Documents\Visual Studio 2022\Projects\Vulkan Tutorial\Vulkan Tutorial\main.cpp(1443,42): warning C4267: 'argument': conversion from 'size_t' to '_Ty', possible loss of data
C:\Users\omega\Documents\Visual Studio 2022\Projects\Vulkan Tutorial\Vulkan Tutorial\main.cpp(1443,42): warning C4267:         with
C:\Users\omega\Documents\Visual Studio 2022\Projects\Vulkan Tutorial\Vulkan Tutorial\main.cpp(1443,42): warning C4267:         [
C:\Users\omega\Documents\Visual Studio 2022\Projects\Vulkan Tutorial\Vulkan Tutorial\main.cpp(1443,42): warning C4267:             _Ty=uint32_t
C:\Users\omega\Documents\Visual Studio 2022\Projects\Vulkan Tutorial\Vulkan Tutorial\main.cpp(1443,42): warning C4267:         ]
C:\Users\omega\Documents\Visual Studio 2022\Projects\Vulkan Tutorial\Vulkan Tutorial\main.cpp(1448,29): warning C4244: 'initializing': conversion from 'double' to 'float', possible loss of data
C:\Users\omega\Documents\Visual Studio 2022\Projects\Vulkan Tutorial\Vulkan Tutorial\main.cpp(1451,29): warning C4305: '=': truncation from 'double' to 'float'
C:\Users\omega\Documents\Visual Studio 2022\Projects\Vulkan Tutorial\Vulkan Tutorial\main.cpp(1457,29): warning C4244: 'initializing': conversion from 'double' to 'float', possible loss of data
  main.cpp
C:\Users\omega\Documents\Visual Studio 2022\Projects\Vulkan Tutorial\Vulkan Tutorial\main.cpp(1216,42): warning C4244: 'argument': conversion from 'double' to 'int', possible loss of data
C:\Users\omega\Documents\Visual Studio 2022\Projects\Vulkan Tutorial\Vulkan Tutorial\main.cpp(1216,40): warning C4244: 'argument': conversion from 'double' to 'int', possible loss of data
C:\Users\omega\Documents\Visual Studio 2022\Projects\Vulkan Tutorial\Vulkan Tutorial\main.cpp(1220,45): warning C4244: 'argument': conversion from 'double' to 'int', possible loss of data
C:\Users\omega\Documents\Visual Studio 2022\Projects\Vulkan Tutorial\Vulkan Tutorial\main.cpp(1220,42): warning C4244: 'argument': conversion from 'double' to 'int', possible loss of data
C:\Users\omega\Documents\Visual Studio 2022\Projects\Vulkan Tutorial\Vulkan Tutorial\main.cpp(1224,43): warning C4244: 'argument': conversion from 'double' to 'int', possible loss of data
C:\Users\omega\Documents\Visual Studio 2022\Projects\Vulkan Tutorial\Vulkan Tutorial\main.cpp(1224,40): warning C4244: 'argument': conversion from 'double' to 'int', possible loss of data
C:\Users\omega\Documents\Visual Studio 2022\Projects\Vulkan Tutorial\Vulkan Tutorial\main.cpp(1243,44): warning C4244: 'argument': conversion from 'double' to 'int', possible loss of data
C:\Users\omega\Documents\Visual Studio 2022\Projects\Vulkan Tutorial\Vulkan Tutorial\main.cpp(1244,44): warning C4244: 'argument': conversion from 'double' to 'int', possible loss of data
C:\Users\omega\Documents\Visual Studio 2022\Projects\Vulkan Tutorial\Vulkan Tutorial\main.cpp(1352,54): warning C4267: 'argument': conversion from 'size_t' to '_Ty', possible loss of data
C:\Users\omega\Documents\Visual Studio 2022\Projects\Vulkan Tutorial\Vulkan Tutorial\main.cpp(1352,54): warning C4267:         with
C:\Users\omega\Documents\Visual Studio 2022\Projects\Vulkan Tutorial\Vulkan Tutorial\main.cpp(1352,54): warning C4267:         [
C:\Users\omega\Documents\Visual Studio 2022\Projects\Vulkan Tutorial\Vulkan Tutorial\main.cpp(1352,54): warning C4267:             _Ty=uint32_t
C:\Users\omega\Documents\Visual Studio 2022\Projects\Vulkan Tutorial\Vulkan Tutorial\main.cpp(1352,54): warning C4267:         ]
C:\Users\omega\Documents\Visual Studio 2022\Projects\Vulkan Tutorial\Vulkan Tutorial\main.cpp(1353,54): warning C4267: 'argument': conversion from 'size_t' to '_Ty', possible loss of data
C:\Users\omega\Documents\Visual Studio 2022\Projects\Vulkan Tutorial\Vulkan Tutorial\main.cpp(1353,54): warning C4267:         with
C:\Users\omega\Documents\Visual Studio 2022\Projects\Vulkan Tutorial\Vulkan Tutorial\main.cpp(1353,54): warning C4267:         [
C:\Users\omega\Documents\Visual Studio 2022\Projects\Vulkan Tutorial\Vulkan Tutorial\main.cpp(1353,54): warning C4267:             _Ty=uint32_t
C:\Users\omega\Documents\Visual Studio 2022\Projects\Vulkan Tutorial\Vulkan Tutorial\main.cpp(1353,54): warning C4267:         ]
C:\Users\omega\Documents\Visual Studio 2022\Projects\Vulkan Tutorial\Vulkan Tutorial\main.cpp(1354,54): warning C4267: 'argument': conversion from 'size_t' to '_Ty', possible loss of data
C:\Users\omega\Documents\Visual Studio 2022\Projects\Vulkan Tutorial\Vulkan Tutorial\main.cpp(1354,54): warning C4267:         with
C:\Users\omega\Documents\Visual Studio 2022\Projects\Vulkan Tutorial\Vulkan Tutorial\main.cpp(1354,54): warning C4267:         [
C:\Users\omega\Documents\Visual Studio 2022\Projects\Vulkan Tutorial\Vulkan Tutorial\main.cpp(1354,54): warning C4267:             _Ty=uint32_t
C:\Users\omega\Documents\Visual Studio 2022\Projects\Vulkan Tutorial\Vulkan Tutorial\main.cpp(1354,54): warning C4267:         ]
C:\Users\omega\Documents\Visual Studio 2022\Projects\Vulkan Tutorial\Vulkan Tutorial\main.cpp(1355,54): warning C4267: 'argument': conversion from 'size_t' to '_Ty', possible loss of data
C:\Users\omega\Documents\Visual Studio 2022\Projects\Vulkan Tutorial\Vulkan Tutorial\main.cpp(1355,54): warning C4267:         with
C:\Users\omega\Documents\Visual Studio 2022\Projects\Vulkan Tutorial\Vulkan Tutorial\main.cpp(1355,54): warning C4267:         [
C:\Users\omega\Documents\Visual Studio 2022\Projects\Vulkan Tutorial\Vulkan Tutorial\main.cpp(1355,54): warning C4267:             _Ty=uint32_t
C:\Users\omega\Documents\Visual Studio 2022\Projects\Vulkan Tutorial\Vulkan Tutorial\main.cpp(1355,54): warning C4267:         ]
C:\Users\omega\Documents\Visual Studio 2022\Projects\Vulkan Tutorial\Vulkan Tutorial\main.cpp(1356,54): warning C4267: 'argument': conversion from 'size_t' to '_Ty', possible loss of data
C:\Users\omega\Documents\Visual Studio 2022\Projects\Vulkan Tutorial\Vulkan Tutorial\main.cpp(1356,54): warning C4267:         with
C:\Users\omega\Documents\Visual Studio 2022\Projects\Vulkan Tutorial\Vulkan Tutorial\main.cpp(1356,54): warning C4267:         [
C:\Users\omega\Documents\Visual Studio 2022\Projects\Vulkan Tutorial\Vulkan Tutorial\main.cpp(1356,54): warning C4267:             _Ty=uint32_t
C:\Users\omega\Documents\Visual Studio 2022\Projects\Vulkan Tutorial\Vulkan Tutorial\main.cpp(1356,54): warning C4267:         ]
C:\Users\omega\Documents\Visual Studio 2022\Projects\Vulkan Tutorial\Vulkan Tutorial\main.cpp(1357,54): warning C4267: 'argument': conversion from 'size_t' to '_Ty', possible loss of data
C:\Users\omega\Documents\Visual Studio 2022\Projects\Vulkan Tutorial\Vulkan Tutorial\main.cpp(1357,54): warning C4267:         with
C:\Users\omega\Documents\Visual Studio 2022\Projects\Vulkan Tutorial\Vulkan Tutorial\main.cpp(1357,54): warning C4267:         [
C:\Users\omega\Documents\Visual Studio 2022\Projects\Vulkan Tutorial\Vulkan Tutorial\main.cpp(1357,54): warning C4267:             _Ty=uint32_t
C:\Users\omega\Documents\Visual Studio 2022\Projects\Vulkan Tutorial\Vulkan Tutorial\main.cpp(1357,54): warning C4267:         ]
C:\Users\omega\Documents\Visual Studio 2022\Projects\Vulkan Tutorial\Vulkan Tutorial\main.cpp(1385,47): warning C4267: 'argument': conversion from 'size_t' to '_Ty', possible loss of data
C:\Users\omega\Documents\Visual Studio 2022\Projects\Vulkan Tutorial\Vulkan Tutorial\main.cpp(1385,47): warning C4267:         with
C:\Users\omega\Documents\Visual Studio 2022\Projects\Vulkan Tutorial\Vulkan Tutorial\main.cpp(1385,47): warning C4267:         [
C:\Users\omega\Documents\Visual Studio 2022\Projects\Vulkan Tutorial\Vulkan Tutorial\main.cpp(1385,47): warning C4267:             _Ty=uint32_t
C:\Users\omega\Documents\Visual Studio 2022\Projects\Vulkan Tutorial\Vulkan Tutorial\main.cpp(1385,47): warning C4267:         ]
C:\Users\omega\Documents\Visual Studio 2022\Projects\Vulkan Tutorial\Vulkan Tutorial\main.cpp(1386,47): warning C4267: 'argument': conversion from 'size_t' to '_Ty', possible loss of data
C:\Users\omega\Documents\Visual Studio 2022\Projects\Vulkan Tutorial\Vulkan Tutorial\main.cpp(1386,47): warning C4267:         with
C:\Users\omega\Documents\Visual Studio 2022\Projects\Vulkan Tutorial\Vulkan Tutorial\main.cpp(1386,47): warning C4267:         [
C:\Users\omega\Documents\Visual Studio 2022\Projects\Vulkan Tutorial\Vulkan Tutorial\main.cpp(1386,47): warning C4267:             _Ty=uint32_t
C:\Users\omega\Documents\Visual Studio 2022\Projects\Vulkan Tutorial\Vulkan Tutorial\main.cpp(1386,47): warning C4267:         ]
C:\Users\omega\Documents\Visual Studio 2022\Projects\Vulkan Tutorial\Vulkan Tutorial\main.cpp(1387,47): warning C4267: 'argument': conversion from 'size_t' to '_Ty', possible loss of data
C:\Users\omega\Documents\Visual Studio 2022\Projects\Vulkan Tutorial\Vulkan Tutorial\main.cpp(1387,47): warning C4267:         with
C:\Users\omega\Documents\Visual Studio 2022\Projects\Vulkan Tutorial\Vulkan Tutorial\main.cpp(1387,47): warning C4267:         [
C:\Users\omega\Documents\Visual Studio 2022\Projects\Vulkan Tutorial\Vulkan Tutorial\main.cpp(1387,47): warning C4267:             _Ty=uint32_t
C:\Users\omega\Documents\Visual Studio 2022\Projects\Vulkan Tutorial\Vulkan Tutorial\main.cpp(1387,47): warning C4267:         ]
C:\Users\omega\Documents\Visual Studio 2022\Projects\Vulkan Tutorial\Vulkan Tutorial\main.cpp(1388,47): warning C4267: 'argument': conversion from 'size_t' to '_Ty', possible loss of data
C:\Users\omega\Documents\Visual Studio 2022\Projects\Vulkan Tutorial\Vulkan Tutorial\main.cpp(1388,47): warning C4267:         with
C:\Users\omega\Documents\Visual Studio 2022\Projects\Vulkan Tutorial\Vulkan Tutorial\main.cpp(1388,47): warning C4267:         [
C:\Users\omega\Documents\Visual Studio 2022\Projects\Vulkan Tutorial\Vulkan Tutorial\main.cpp(1388,47): warning C4267:             _Ty=uint32_t
C:\Users\omega\Documents\Visual Studio 2022\Projects\Vulkan Tutorial\Vulkan Tutorial\main.cpp(1388,47): warning C4267:         ]
C:\Users\omega\Documents\Visual Studio 2022\Projects\Vulkan Tutorial\Vulkan Tutorial\main.cpp(1389,47): warning C4267: 'argument': conversion from 'size_t' to '_Ty', possible loss of data
C:\Users\omega\Documents\Visual Studio 2022\Projects\Vulkan Tutorial\Vulkan Tutorial\main.cpp(1389,47): warning C4267:         with
C:\Users\omega\Documents\Visual Studio 2022\Projects\Vulkan Tutorial\Vulkan Tutorial\main.cpp(1389,47): warning C4267:         [
C:\Users\omega\Documents\Visual Studio 2022\Projects\Vulkan Tutorial\Vulkan Tutorial\main.cpp(1389,47): warning C4267:             _Ty=uint32_t
C:\Users\omega\Documents\Visual Studio 2022\Projects\Vulkan Tutorial\Vulkan Tutorial\main.cpp(1389,47): warning C4267:         ]
C:\Users\omega\Documents\Visual Studio 2022\Projects\Vulkan Tutorial\Vulkan Tutorial\main.cpp(1390,47): warning C4267: 'argument': conversion from 'size_t' to '_Ty', possible loss of data
C:\Users\omega\Documents\Visual Studio 2022\Projects\Vulkan Tutorial\Vulkan Tutorial\main.cpp(1390,47): warning C4267:         with
C:\Users\omega\Documents\Visual Studio 2022\Projects\Vulkan Tutorial\Vulkan Tutorial\main.cpp(1390,47): warning C4267:         [
C:\Users\omega\Documents\Visual Studio 2022\Projects\Vulkan Tutorial\Vulkan Tutorial\main.cpp(1390,47): warning C4267:             _Ty=uint32_t
C:\Users\omega\Documents\Visual Studio 2022\Projects\Vulkan Tutorial\Vulkan Tutorial\main.cpp(1390,47): warning C4267:         ]
C:\Users\omega\Documents\Visual Studio 2022\Projects\Vulkan Tutorial\Vulkan Tutorial\main.cpp(1395,94): warning C4244: 'argument': conversion from 'double' to 'int', possible loss of data
C:\Users\omega\Documents\Visual Studio 2022\Projects\Vulkan Tutorial\Vulkan Tutorial\main.cpp(1398,90): warning C4244: 'argument': conversion from 'double' to 'int', possible loss of data
C:\Users\omega\Documents\Visual Studio 2022\Projects\Vulkan Tutorial\Vulkan Tutorial\main.cpp(1399,91): warning C4244: 'argument': conversion from 'double' to 'int', possible loss of data
C:\Users\omega\Documents\Visual Studio 2022\Projects\Vulkan Tutorial\Vulkan Tutorial\main.cpp(1401,47): warning C4267: 'argument': conversion from 'size_t' to '_Ty', possible loss of data
C:\Users\omega\Documents\Visual Studio 2022\Projects\Vulkan Tutorial\Vulkan Tutorial\main.cpp(1401,47): warning C4267:         with
C:\Users\omega\Documents\Visual Studio 2022\Projects\Vulkan Tutorial\Vulkan Tutorial\main.cpp(1401,47): warning C4267:         [
C:\Users\omega\Documents\Visual Studio 2022\Projects\Vulkan Tutorial\Vulkan Tutorial\main.cpp(1401,47): warning C4267:             _Ty=uint32_t
C:\Users\omega\Documents\Visual Studio 2022\Projects\Vulkan Tutorial\Vulkan Tutorial\main.cpp(1401,47): warning C4267:         ]
C:\Users\omega\Documents\Visual Studio 2022\Projects\Vulkan Tutorial\Vulkan Tutorial\main.cpp(1402,47): warning C4267: 'argument': conversion from 'size_t' to '_Ty', possible loss of data
C:\Users\omega\Documents\Visual Studio 2022\Projects\Vulkan Tutorial\Vulkan Tutorial\main.cpp(1402,47): warning C4267:         with
C:\Users\omega\Documents\Visual Studio 2022\Projects\Vulkan Tutorial\Vulkan Tutorial\main.cpp(1402,47): warning C4267:         [
C:\Users\omega\Documents\Visual Studio 2022\Projects\Vulkan Tutorial\Vulkan Tutorial\main.cpp(1402,47): warning C4267:             _Ty=uint32_t
C:\Users\omega\Documents\Visual Studio 2022\Projects\Vulkan Tutorial\Vulkan Tutorial\main.cpp(1402,47): warning C4267:         ]
C:\Users\omega\Documents\Visual Studio 2022\Projects\Vulkan Tutorial\Vulkan Tutorial\main.cpp(1403,47): warning C4267: 'argument': conversion from 'size_t' to '_Ty', possible loss of data
C:\Users\omega\Documents\Visual Studio 2022\Projects\Vulkan Tutorial\Vulkan Tutorial\main.cpp(1403,47): warning C4267:         with
C:\Users\omega\Documents\Visual Studio 2022\Projects\Vulkan Tutorial\Vulkan Tutorial\main.cpp(1403,47): warning C4267:         [
C:\Users\omega\Documents\Visual Studio 2022\Projects\Vulkan Tutorial\Vulkan Tutorial\main.cpp(1403,47): warning C4267:             _Ty=uint32_t
C:\Users\omega\Documents\Visual Studio 2022\Projects\Vulkan Tutorial\Vulkan Tutorial\main.cpp(1403,47): warning C4267:         ]
C:\Users\omega\Documents\Visual Studio 2022\Projects\Vulkan Tutorial\Vulkan Tutorial\main.cpp(1418,43): warning C4244: 'argument': conversion from 'double' to 'int', possible loss of data
C:\Users\omega\Documents\Visual Studio 2022\Projects\Vulkan Tutorial\Vulkan Tutorial\main.cpp(1418,95): warning C4244: 'argument': conversion from 'double' to 'int', possible loss of data
C:\Users\omega\Documents\Visual Studio 2022\Projects\Vulkan Tutorial\Vulkan Tutorial\main.cpp(1420,43): warning C4244: 'argument': conversion from 'double' to 'int', possible loss of data
C:\Users\omega\Documents\Visual Studio 2022\Projects\Vulkan Tutorial\Vulkan Tutorial\main.cpp(1420,95): warning C4244: 'argument': conversion from 'double' to 'int', possible loss of data
C:\Users\omega\Documents\Visual Studio 2022\Projects\Vulkan Tutorial\Vulkan Tutorial\main.cpp(1422,43): warning C4244: 'argument': conversion from 'double' to 'int', possible loss of data
C:\Users\omega\Documents\Visual Studio 2022\Projects\Vulkan Tutorial\Vulkan Tutorial\main.cpp(1422,95): warning C4244: 'argument': conversion from 'double' to 'int', possible loss of data
C:\Users\omega\Documents\Visual Studio 2022\Projects\Vulkan Tutorial\Vulkan Tutorial\main.cpp(1424,42): warning C4244: 'argument': conversion from 'double' to 'int', possible loss of data
C:\Users\omega\Documents\Visual Studio 2022\Projects\Vulkan Tutorial\Vulkan Tutorial\main.cpp(1424,88): warning C4244: 'argument': conversion from 'double' to 'int', possible loss of data
C:\Users\omega\Documents\Visual Studio 2022\Projects\Vulkan Tutorial\Vulkan Tutorial\main.cpp(1426,42): warning C4267: 'argument': conversion from 'size_t' to '_Ty', possible loss of data
C:\Users\omega\Documents\Visual Studio 2022\Projects\Vulkan Tutorial\Vulkan Tutorial\main.cpp(1426,42): warning C4267:         with
C:\Users\omega\Documents\Visual Studio 2022\Projects\Vulkan Tutorial\Vulkan Tutorial\main.cpp(1426,42): warning C4267:         [
C:\Users\omega\Documents\Visual Studio 2022\Projects\Vulkan Tutorial\Vulkan Tutorial\main.cpp(1426,42): warning C4267:             _Ty=uint32_t
C:\Users\omega\Documents\Visual Studio 2022\Projects\Vulkan Tutorial\Vulkan Tutorial\main.cpp(1426,42): warning C4267:         ]
C:\Users\omega\Documents\Visual Studio 2022\Projects\Vulkan Tutorial\Vulkan Tutorial\main.cpp(1427,42): warning C4267: 'argument': conversion from 'size_t' to '_Ty', possible loss of data
C:\Users\omega\Documents\Visual Studio 2022\Projects\Vulkan Tutorial\Vulkan Tutorial\main.cpp(1427,42): warning C4267:         with
C:\Users\omega\Documents\Visual Studio 2022\Projects\Vulkan Tutorial\Vulkan Tutorial\main.cpp(1427,42): warning C4267:         [
C:\Users\omega\Documents\Visual Studio 2022\Projects\Vulkan Tutorial\Vulkan Tutorial\main.cpp(1427,42): warning C4267:             _Ty=uint32_t
C:\Users\omega\Documents\Visual Studio 2022\Projects\Vulkan Tutorial\Vulkan Tutorial\main.cpp(1427,42): warning C4267:         ]
C:\Users\omega\Documents\Visual Studio 2022\Projects\Vulkan Tutorial\Vulkan Tutorial\main.cpp(1428,42): warning C4267: 'argument': conversion from 'size_t' to '_Ty', possible loss of data
C:\Users\omega\Documents\Visual Studio 2022\Projects\Vulkan Tutorial\Vulkan Tutorial\main.cpp(1428,42): warning C4267:         with
C:\Users\omega\Documents\Visual Studio 2022\Projects\Vulkan Tutorial\Vulkan Tutorial\main.cpp(1428,42): warning C4267:         [
C:\Users\omega\Documents\Visual Studio 2022\Projects\Vulkan Tutorial\Vulkan Tutorial\main.cpp(1428,42): warning C4267:             _Ty=uint32_t
C:\Users\omega\Documents\Visual Studio 2022\Projects\Vulkan Tutorial\Vulkan Tutorial\main.cpp(1428,42): warning C4267:         ]
C:\Users\omega\Documents\Visual Studio 2022\Projects\Vulkan Tutorial\Vulkan Tutorial\main.cpp(1429,42): warning C4267: 'argument': conversion from 'size_t' to '_Ty', possible loss of data
C:\Users\omega\Documents\Visual Studio 2022\Projects\Vulkan Tutorial\Vulkan Tutorial\main.cpp(1429,42): warning C4267:         with
C:\Users\omega\Documents\Visual Studio 2022\Projects\Vulkan Tutorial\Vulkan Tutorial\main.cpp(1429,42): warning C4267:         [
C:\Users\omega\Documents\Visual Studio 2022\Projects\Vulkan Tutorial\Vulkan Tutorial\main.cpp(1429,42): warning C4267:             _Ty=uint32_t
C:\Users\omega\Documents\Visual Studio 2022\Projects\Vulkan Tutorial\Vulkan Tutorial\main.cpp(1429,42): warning C4267:         ]
C:\Users\omega\Documents\Visual Studio 2022\Projects\Vulkan Tutorial\Vulkan Tutorial\main.cpp(1430,42): warning C4267: 'argument': conversion from 'size_t' to '_Ty', possible loss of data
C:\Users\omega\Documents\Visual Studio 2022\Projects\Vulkan Tutorial\Vulkan Tutorial\main.cpp(1430,42): warning C4267:         with
C:\Users\omega\Documents\Visual Studio 2022\Projects\Vulkan Tutorial\Vulkan Tutorial\main.cpp(1430,42): warning C4267:         [
C:\Users\omega\Documents\Visual Studio 2022\Projects\Vulkan Tutorial\Vulkan Tutorial\main.cpp(1430,42): warning C4267:             _Ty=uint32_t
C:\Users\omega\Documents\Visual Studio 2022\Projects\Vulkan Tutorial\Vulkan Tutorial\main.cpp(1430,42): warning C4267:         ]
C:\Users\omega\Documents\Visual Studio 2022\Projects\Vulkan Tutorial\Vulkan Tutorial\main.cpp(1431,42): warning C4267: 'argument': conversion from 'size_t' to '_Ty', possible loss of data
C:\Users\omega\Documents\Visual Studio 2022\Projects\Vulkan Tutorial\Vulkan Tutorial\main.cpp(1431,42): warning C4267:         with
C:\Users\omega\Documents\Visual Studio 2022\Projects\Vulkan Tutorial\Vulkan Tutorial\main.cpp(1431,42): warning C4267:         [
C:\Users\omega\Documents\Visual Studio 2022\Projects\Vulkan Tutorial\Vulkan Tutorial\main.cpp(1431,42): warning C4267:             _Ty=uint32_t
C:\Users\omega\Documents\Visual Studio 2022\Projects\Vulkan Tutorial\Vulkan Tutorial\main.cpp(1431,42): warning C4267:         ]
C:\Users\omega\Documents\Visual Studio 2022\Projects\Vulkan Tutorial\Vulkan Tutorial\main.cpp(1432,42): warning C4267: 'argument': conversion from 'size_t' to '_Ty', possible loss of data
C:\Users\omega\Documents\Visual Studio 2022\Projects\Vulkan Tutorial\Vulkan Tutorial\main.cpp(1432,42): warning C4267:         with
C:\Users\omega\Documents\Visual Studio 2022\Projects\Vulkan Tutorial\Vulkan Tutorial\main.cpp(1432,42): warning C4267:         [
C:\Users\omega\Documents\Visual Studio 2022\Projects\Vulkan Tutorial\Vulkan Tutorial\main.cpp(1432,42): warning C4267:             _Ty=uint32_t
C:\Users\omega\Documents\Visual Studio 2022\Projects\Vulkan Tutorial\Vulkan Tutorial\main.cpp(1432,42): warning C4267:         ]
C:\Users\omega\Documents\Visual Studio 2022\Projects\Vulkan Tutorial\Vulkan Tutorial\main.cpp(1433,42): warning C4267: 'argument': conversion from 'size_t' to '_Ty', possible loss of data
C:\Users\omega\Documents\Visual Studio 2022\Projects\Vulkan Tutorial\Vulkan Tutorial\main.cpp(1433,42): warning C4267:         with
C:\Users\omega\Documents\Visual Studio 2022\Projects\Vulkan Tutorial\Vulkan Tutorial\main.cpp(1433,42): warning C4267:         [
C:\Users\omega\Documents\Visual Studio 2022\Projects\Vulkan Tutorial\Vulkan Tutorial\main.cpp(1433,42): warning C4267:             _Ty=uint32_t
C:\Users\omega\Documents\Visual Studio 2022\Projects\Vulkan Tutorial\Vulkan Tutorial\main.cpp(1433,42): warning C4267:         ]
C:\Users\omega\Documents\Visual Studio 2022\Projects\Vulkan Tutorial\Vulkan Tutorial\main.cpp(1434,42): warning C4267: 'argument': conversion from 'size_t' to '_Ty', possible loss of data
C:\Users\omega\Documents\Visual Studio 2022\Projects\Vulkan Tutorial\Vulkan Tutorial\main.cpp(1434,42): warning C4267:         with
C:\Users\omega\Documents\Visual Studio 2022\Projects\Vulkan Tutorial\Vulkan Tutorial\main.cpp(1434,42): warning C4267:         [
C:\Users\omega\Documents\Visual Studio 2022\Projects\Vulkan Tutorial\Vulkan Tutorial\main.cpp(1434,42): warning C4267:             _Ty=uint32_t
C:\Users\omega\Documents\Visual Studio 2022\Projects\Vulkan Tutorial\Vulkan Tutorial\main.cpp(1434,42): warning C4267:         ]
C:\Users\omega\Documents\Visual Studio 2022\Projects\Vulkan Tutorial\Vulkan Tutorial\main.cpp(1435,42): warning C4267: 'argument': conversion from 'size_t' to '_Ty', possible loss of data
C:\Users\omega\Documents\Visual Studio 2022\Projects\Vulkan Tutorial\Vulkan Tutorial\main.cpp(1435,42): warning C4267:         with
C:\Users\omega\Documents\Visual Studio 2022\Projects\Vulkan Tutorial\Vulkan Tutorial\main.cpp(1435,42): warning C4267:         [
C:\Users\omega\Documents\Visual Studio 2022\Projects\Vulkan Tutorial\Vulkan Tutorial\main.cpp(1435,42): warning C4267:             _Ty=uint32_t
C:\Users\omega\Documents\Visual Studio 2022\Projects\Vulkan Tutorial\Vulkan Tutorial\main.cpp(1435,42): warning C4267:         ]
C:\Users\omega\Documents\Visual Studio 2022\Projects\Vulkan Tutorial\Vulkan Tutorial\main.cpp(1436,42): warning C4267: 'argument': conversion from 'size_t' to '_Ty', possible loss of data
C:\Users\omega\Documents\Visual Studio 2022\Projects\Vulkan Tutorial\Vulkan Tutorial\main.cpp(1436,42): warning C4267:         with
C:\Users\omega\Documents\Visual Studio 2022\Projects\Vulkan Tutorial\Vulkan Tutorial\main.cpp(1436,42): warning C4267:         [
C:\Users\omega\Documents\Visual Studio 2022\Projects\Vulkan Tutorial\Vulkan Tutorial\main.cpp(1436,42): warning C4267:             _Ty=uint32_t
C:\Users\omega\Documents\Visual Studio 2022\Projects\Vulkan Tutorial\Vulkan Tutorial\main.cpp(1436,42): warning C4267:         ]
C:\Users\omega\Documents\Visual Studio 2022\Projects\Vulkan Tutorial\Vulkan Tutorial\main.cpp(1437,42): warning C4267: 'argument': conversion from 'size_t' to '_Ty', possible loss of data
C:\Users\omega\Documents\Visual Studio 2022\Projects\Vulkan Tutorial\Vulkan Tutorial\main.cpp(1437,42): warning C4267:         with
C:\Users\omega\Documents\Visual Studio 2022\Projects\Vulkan Tutorial\Vulkan Tutorial\main.cpp(1437,42): warning C4267:         [
C:\Users\omega\Documents\Visual Studio 2022\Projects\Vulkan Tutorial\Vulkan Tutorial\main.cpp(1437,42): warning C4267:             _Ty=uint32_t
C:\Users\omega\Documents\Visual Studio 2022\Projects\Vulkan Tutorial\Vulkan Tutorial\main.cpp(1437,42): warning C4267:         ]
C:\Users\omega\Documents\Visual Studio 2022\Projects\Vulkan Tutorial\Vulkan Tutorial\main.cpp(1438,42): warning C4267: 'argument': conversion from 'size_t' to '_Ty', possible loss of data
C:\Users\omega\Documents\Visual Studio 2022\Projects\Vulkan Tutorial\Vulkan Tutorial\main.cpp(1438,42): warning C4267:         with
C:\Users\omega\Documents\Visual Studio 2022\Projects\Vulkan Tutorial\Vulkan Tutorial\main.cpp(1438,42): warning C4267:         [
C:\Users\omega\Documents\Visual Studio 2022\Projects\Vulkan Tutorial\Vulkan Tutorial\main.cpp(1438,42): warning C4267:             _Ty=uint32_t
C:\Users\omega\Documents\Visual Studio 2022\Projects\Vulkan Tutorial\Vulkan Tutorial\main.cpp(1438,42): warning C4267:         ]
C:\Users\omega\Documents\Visual Studio 2022\Projects\Vulkan Tutorial\Vulkan Tutorial\main.cpp(1439,42): warning C4267: 'argument': conversion from 'size_t' to '_Ty', possible loss of data
C:\Users\omega\Documents\Visual Studio 2022\Projects\Vulkan Tutorial\Vulkan Tutorial\main.cpp(1439,42): warning C4267:         with
C:\Users\omega\Documents\Visual Studio 2022\Projects\Vulkan Tutorial\Vulkan Tutorial\main.cpp(1439,42): warning C4267:         [
C:\Users\omega\Documents\Visual Studio 2022\Projects\Vulkan Tutorial\Vulkan Tutorial\main.cpp(1439,42): warning C4267:             _Ty=uint32_t
C:\Users\omega\Documents\Visual Studio 2022\Projects\Vulkan Tutorial\Vulkan Tutorial\main.cpp(1439,42): warning C4267:         ]
C:\Users\omega\Documents\Visual Studio 2022\Projects\Vulkan Tutorial\Vulkan Tutorial\main.cpp(1440,42): warning C4267: 'argument': conversion from 'size_t' to '_Ty', possible loss of data
C:\Users\omega\Documents\Visual Studio 2022\Projects\Vulkan Tutorial\Vulkan Tutorial\main.cpp(1440,42): warning C4267:         with
C:\Users\omega\Documents\Visual Studio 2022\Projects\Vulkan Tutorial\Vulkan Tutorial\main.cpp(1440,42): warning C4267:         [
C:\Users\omega\Documents\Visual Studio 2022\Projects\Vulkan Tutorial\Vulkan Tutorial\main.cpp(1440,42): warning C4267:             _Ty=uint32_t
C:\Users\omega\Documents\Visual Studio 2022\Projects\Vulkan Tutorial\Vulkan Tutorial\main.cpp(1440,42): warning C4267:         ]
C:\Users\omega\Documents\Visual Studio 2022\Projects\Vulkan Tutorial\Vulkan Tutorial\main.cpp(1441,42): warning C4267: 'argument': conversion from 'size_t' to '_Ty', possible loss of data
C:\Users\omega\Documents\Visual Studio 2022\Projects\Vulkan Tutorial\Vulkan Tutorial\main.cpp(1441,42): warning C4267:         with
C:\Users\omega\Documents\Visual Studio 2022\Projects\Vulkan Tutorial\Vulkan Tutorial\main.cpp(1441,42): warning C4267:         [
C:\Users\omega\Documents\Visual Studio 2022\Projects\Vulkan Tutorial\Vulkan Tutorial\main.cpp(1441,42): warning C4267:             _Ty=uint32_t
C:\Users\omega\Documents\Visual Studio 2022\Projects\Vulkan Tutorial\Vulkan Tutorial\main.cpp(1441,42): warning C4267:         ]
C:\Users\omega\Documents\Visual Studio 2022\Projects\Vulkan Tutorial\Vulkan Tutorial\main.cpp(1442,42): warning C4267: 'argument': conversion from 'size_t' to '_Ty', possible loss of data
C:\Users\omega\Documents\Visual Studio 2022\Projects\Vulkan Tutorial\Vulkan Tutorial\main.cpp(1442,42): warning C4267:         with
C:\Users\omega\Documents\Visual Studio 2022\Projects\Vulkan Tutorial\Vulkan Tutorial\main.cpp(1442,42): warning C4267:         [
C:\Users\omega\Documents\Visual Studio 2022\Projects\Vulkan Tutorial\Vulkan Tutorial\main.cpp(1442,42): warning C4267:             _Ty=uint32_t
C:\Users\omega\Documents\Visual Studio 2022\Projects\Vulkan Tutorial\Vulkan Tutorial\main.cpp(1442,42): warning C4267:         ]
C:\Users\omega\Documents\Visual Studio 2022\Projects\Vulkan Tutorial\Vulkan Tutorial\main.cpp(1443,42): warning C4267: 'argument': conversion from 'size_t' to '_Ty', possible loss of data
C:\Users\omega\Documents\Visual Studio 2022\Projects\Vulkan Tutorial\Vulkan Tutorial\main.cpp(1443,42): warning C4267:         with
C:\Users\omega\Documents\Visual Studio 2022\Projects\Vulkan Tutorial\Vulkan Tutorial\main.cpp(1443,42): warning C4267:         [
C:\Users\omega\Documents\Visual Studio 2022\Projects\Vulkan Tutorial\Vulkan Tutorial\main.cpp(1443,42): warning C4267:             _Ty=uint32_t
C:\Users\omega\Documents\Visual Studio 2022\Projects\Vulkan Tutorial\Vulkan Tutorial\main.cpp(1443,42): warning C4267:         ]
C:\Users\omega\Documents\Visual Studio 2022\Projects\Vulkan Tutorial\Vulkan Tutorial\main.cpp(1448,29): warning C4244: 'initializing': conversion from 'double' to 'float', possible loss of data
C:\Users\omega\Documents\Visual Studio 2022\Projects\Vulkan Tutorial\Vulkan Tutorial\main.cpp(1451,29): warning C4305: '=': truncation from 'double' to 'float'
C:\Users\omega\Documents\Visual Studio 2022\Projects\Vulkan Tutorial\Vulkan Tutorial\main.cpp(1457,29): warning C4244: 'initializing': conversion from 'double' to 'float', possible loss of data
x64\Release\main.obj : warning LNK4042: object specified more than once; extras ignored
  Generating code
  Previous IPDB not found, fall back to full compilation.
  All 1428 functions were compiled because no usable IPDB/IOBJ from previous compilation was found.
  Finished generating code
  Vulkan Tutorial.vcxproj -> C:\Users\omega\Documents\Visual Studio 2022\Projects\Vulkan Tutorial\x64\Release\Vulkan Tutorial.exe
  'pwsh.exe' is not recognized as an internal or external command,
  operable program or batch file.
